<?xml version="1.0" encoding="UTF-8"?>
<coverage generated="1509424159918" clover="3.2.0">
  <project timestamp="1509424159918" name="All files">
    <metrics statements="8" coveredstatements="6" conditionals="4" coveredconditionals="4" methods="5" coveredmethods="3" elements="17" coveredelements="13" complexity="0" loc="8" ncloc="8" packages="1" files="2" classes="2">
      <file name="formatting.js" path="/Users/adhy/Programming/Projects/reena/src/utilities/helpers/formatting.js">
        <metrics statements="5" coveredstatements="4" conditionals="0" coveredconditionals="0" methods="3" coveredmethods="2"/>
        <line num="1" count="20" type="stmt"/>
        <line num="4" count="0" type="stmt"/>
        <line num="6" count="10" type="stmt"/>
        <line num="7" count="10" type="stmt"/>
        <line num="8" count="10" type="stmt"/>
      </file>
      <file name="validation.js" path="/Users/adhy/Programming/Projects/reena/src/utilities/helpers/validation.js">
        <metrics statements="3" coveredstatements="2" conditionals="4" coveredconditionals="4" methods="2" coveredmethods="1"/>
        <line num="4" count="27" type="cond" truecount="4" falsecount="0"/>
        <line num="6" count="24" type="stmt"/>
        <line num="8" count="0" type="stmt"/>
      </file>
    </metrics>
  </project>
</coverage>
