{"/Users/adhy/Programming/Projects/reena/src/utilities/helpers/formatting.js": {"path":"/Users/adhy/Programming/Projects/reena/src/utilities/helpers/formatting.js","statementMap":{"0":{"start":{"line":1,"column":16},"end":{"line":1,"column":42}},"1":{"start":{"line":1,"column":23},"end":{"line":1,"column":42}},"2":{"start":{"line":4,"column":30},"end":{"line":4,"column":63}},"3":{"start":{"line":6,"column":19},"end":{"line":6,"column":33}},"4":{"start":{"line":7,"column":25},"end":{"line":7,"column":113}},"5":{"start":{"line":8,"column":4},"end":{"line":8,"column":24}}},"fnMap":{"0":{"name":"(anonymous_0)","decl":{"start":{"line":1,"column":16},"end":{"line":1,"column":17}},"loc":{"start":{"line":1,"column":23},"end":{"line":1,"column":42}},"line":1},"1":{"name":"(anonymous_1)","decl":{"start":{"line":4,"column":18},"end":{"line":4,"column":19}},"loc":{"start":{"line":4,"column":30},"end":{"line":4,"column":63}},"line":4},"2":{"name":"(anonymous_2)","decl":{"start":{"line":5,"column":14},"end":{"line":5,"column":15}},"loc":{"start":{"line":5,"column":24},"end":{"line":9,"column":3}},"line":5}},"branchMap":{},"s":{"0":1,"1":20,"2":0,"3":10,"4":10,"5":10},"f":{"0":20,"1":0,"2":10},"b":{},"_coverageSchema":"332fd63041d2c1bcb487cc26dd0d5f7d97098a6c","hash":"0acd2e5a69b6adc039d1e81f768f3f6163ddd735"}
,"/Users/adhy/Programming/Projects/reena/src/utilities/helpers/validation.js": {"path":"/Users/adhy/Programming/Projects/reena/src/utilities/helpers/validation.js","statementMap":{"0":{"start":{"line":4,"column":4},"end":{"line":4,"column":51}},"1":{"start":{"line":4,"column":38},"end":{"line":4,"column":51}},"2":{"start":{"line":6,"column":4},"end":{"line":6,"column":69}},"3":{"start":{"line":8,"column":31},"end":{"line":8,"column":113}}},"fnMap":{"0":{"name":"(anonymous_0)","decl":{"start":{"line":2,"column":16},"end":{"line":2,"column":17}},"loc":{"start":{"line":2,"column":27},"end":{"line":7,"column":3}},"line":2},"1":{"name":"(anonymous_1)","decl":{"start":{"line":8,"column":19},"end":{"line":8,"column":20}},"loc":{"start":{"line":8,"column":31},"end":{"line":8,"column":113}},"line":8}},"branchMap":{"0":{"loc":{"start":{"line":4,"column":4},"end":{"line":4,"column":51}},"type":"if","locations":[{"start":{"line":4,"column":4},"end":{"line":4,"column":51}},{"start":{"line":4,"column":4},"end":{"line":4,"column":51}}],"line":4},"1":{"loc":{"start":{"line":4,"column":8},"end":{"line":4,"column":36}},"type":"binary-expr","locations":[{"start":{"line":4,"column":8},"end":{"line":4,"column":14}},{"start":{"line":4,"column":18},"end":{"line":4,"column":36}}],"line":4}},"s":{"0":27,"1":3,"2":24,"3":0},"f":{"0":27,"1":0},"b":{"0":[3,24],"1":[27,24]},"_coverageSchema":"332fd63041d2c1bcb487cc26dd0d5f7d97098a6c","hash":"3749c3d15375fa24374f9adcb9cb0345af32634e"}
}
