TN:
SF:/Users/adhy/Programming/Projects/reena/src/utilities/helpers/formatting.js
FN:1,(anonymous_0)
FN:4,(anonymous_1)
FN:5,(anonymous_2)
FNF:3
FNH:2
FNDA:20,(anonymous_0)
FNDA:0,(anonymous_1)
FNDA:10,(anonymous_2)
DA:1,20
DA:4,0
DA:6,10
DA:7,10
DA:8,10
LF:5
LH:4
BRF:0
BRH:0
end_of_record
TN:
SF:/Users/adhy/Programming/Projects/reena/src/utilities/helpers/validation.js
FN:2,(anonymous_0)
FN:8,(anonymous_1)
FNF:2
FNH:1
FNDA:27,(anonymous_0)
FNDA:0,(anonymous_1)
DA:4,27
DA:6,24
DA:8,0
LF:3
LH:2
BRDA:4,0,0,3
BRDA:4,0,1,24
BRDA:4,1,0,27
BRDA:4,1,1,24
BRF:4
BRH:4
end_of_record
